<?xml version="1.0" encoding="UTF-8"?>
<testsuite name="com.example.project.TestDay3" tests="3" skipped="0" failures="0" errors="0" timestamp="2024-12-14T14:31:01" hostname="codespaces-a0ea89" time="0.013">
  <properties/>
  <testcase name="testGenerateSnowflakeDesign()" classname="com.example.project.TestDay3" time="0.002"/>
  <testcase name="testGenerateSnowflakeSmallSize()" classname="com.example.project.TestDay3" time="0.002"/>
  <testcase name="testGenerateSnowflakeOddSize()" classname="com.example.project.TestDay3" time="0.003"/>
  <system-out><![CDATA[]]></system-out>
  <system-err><![CDATA[]]></system-err>
</testsuite>
